This is pdfTeX, Version 3.14159265-2.6-1.40.19 (MiKTeX 2.9.6930) (preloaded format=pdflatex 2019.3.20)  18 NOV 2019 16:33
entering extended mode
**./report.tex
(report.tex
LaTeX2e <2018-12-01>
("C:\Users\DELL\AppData\Local\Programs\MiKTeX 2.9\tex/latex/base\article.cls"
Document Class: article 2018/09/03 v1.4i Standard LaTeX document class
("C:\Users\DELL\AppData\Local\Programs\MiKTeX 2.9\tex/latex/base\size10.clo"
File: size10.clo 2018/09/03 v1.4i Standard LaTeX file (size option)
)
\c@part=\count80
\c@section=\count81
\c@subsection=\count82
\c@subsubsection=\count83
\c@paragraph=\count84
\c@subparagraph=\count85
\c@figure=\count86
\c@table=\count87
\abovecaptionskip=\skip41
\belowcaptionskip=\skip42
\bibindent=\dimen102
)
("C:\Users\DELL\AppData\Local\Programs\MiKTeX 2.9\tex/latex/tools\longtable.sty
"
Package: longtable 2014/10/28 v4.11 Multi-page Table package (DPC)
\LTleft=\skip43
\LTright=\skip44
\LTpre=\skip45
\LTpost=\skip46
\LTchunksize=\count88
\LTcapwidth=\dimen103
\LT@head=\box27
\LT@firsthead=\box28
\LT@foot=\box29
\LT@lastfoot=\box30
\LT@cols=\count89
\LT@rows=\count90
\c@LT@tables=\count91
\c@LT@chunks=\count92
\LT@p@ftn=\toks14
)
("C:\Users\DELL\AppData\Local\Programs\MiKTeX 2.9\tex/latex/fancyhdr\fancyhdr.s
ty"
Package: fancyhdr 2019/01/31 v3.10 Extensive control of page headers and footer
s
\f@nch@headwidth=\skip47
\f@nch@O@elh=\skip48
\f@nch@O@erh=\skip49
\f@nch@O@olh=\skip50
\f@nch@O@orh=\skip51
\f@nch@O@elf=\skip52
\f@nch@O@erf=\skip53
\f@nch@O@olf=\skip54
\f@nch@O@orf=\skip55
)
("C:\Users\DELL\AppData\Local\Programs\MiKTeX 2.9\tex/latex/booktabs\booktabs.s
ty"
Package: booktabs 2005/04/14 v1.61803 publication quality tables
\heavyrulewidth=\dimen104
\lightrulewidth=\dimen105
\cmidrulewidth=\dimen106
\belowrulesep=\dimen107
\belowbottomsep=\dimen108
\aboverulesep=\dimen109
\abovetopsep=\dimen110
\cmidrulesep=\dimen111
\cmidrulekern=\dimen112
\defaultaddspace=\dimen113
\@cmidla=\count93
\@cmidlb=\count94
\@aboverulesep=\dimen114
\@belowrulesep=\dimen115
\@thisruleclass=\count95
\@lastruleclass=\count96
\@thisrulewidth=\dimen116
)
("C:\Users\DELL\AppData\Local\Programs\MiKTeX 2.9\tex/latex/graphics\rotating.s
ty"
Package: rotating 2016/08/11 v2.16d rotated objects in LaTeX

("C:\Users\DELL\AppData\Local\Programs\MiKTeX 2.9\tex/latex/graphics\graphicx.s
ty"
Package: graphicx 2017/06/01 v1.1a Enhanced LaTeX Graphics (DPC,SPQR)

("C:\Users\DELL\AppData\Local\Programs\MiKTeX 2.9\tex/latex/graphics\keyval.sty
"
Package: keyval 2014/10/28 v1.15 key=value parser (DPC)
\KV@toks@=\toks15
)
("C:\Users\DELL\AppData\Local\Programs\MiKTeX 2.9\tex/latex/graphics\graphics.s
ty"
Package: graphics 2017/06/25 v1.2c Standard LaTeX Graphics (DPC,SPQR)

("C:\Users\DELL\AppData\Local\Programs\MiKTeX 2.9\tex/latex/graphics\trig.sty"
Package: trig 2016/01/03 v1.10 sin cos tan (DPC)
)
("C:\Users\DELL\AppData\Local\Programs\MiKTeX 2.9\tex/latex/graphics-cfg\graphi
cs.cfg"
File: graphics.cfg 2016/06/04 v1.11 sample graphics configuration
)
Package graphics Info: Driver file: pdftex.def on input line 99.

("C:\Users\DELL\AppData\Local\Programs\MiKTeX 2.9\tex/latex/graphics-def\pdftex
.def"
File: pdftex.def 2018/01/08 v1.0l Graphics/color driver for pdftex
))
\Gin@req@height=\dimen117
\Gin@req@width=\dimen118
)
("C:\Users\DELL\AppData\Local\Programs\MiKTeX 2.9\tex/latex/base\ifthen.sty"
Package: ifthen 2014/09/29 v1.1c Standard LaTeX ifthen package (DPC)
)
\c@r@tfl@t=\count97
\rotFPtop=\skip56
\rotFPbot=\skip57
\rot@float@box=\box31
\rot@mess@toks=\toks16
)
("C:\Users\DELL\AppData\Local\Programs\MiKTeX 2.9\tex/latex/tools\multicol.sty"
Package: multicol 2018/11/09 v1.8u multicolumn formatting (FMi)
\c@tracingmulticols=\count98
\mult@box=\box32
\multicol@leftmargin=\dimen119
\c@unbalance=\count99
\c@collectmore=\count100
\doublecol@number=\count101
\multicoltolerance=\count102
\multicolpretolerance=\count103
\full@width=\dimen120
\page@free=\dimen121
\premulticols=\dimen122
\postmulticols=\dimen123
\multicolsep=\skip58
\multicolbaselineskip=\skip59
\partial@page=\box33
\last@line=\box34
\maxbalancingoverflow=\dimen124
\mult@rightbox=\box35
\mult@grightbox=\box36
\mult@gfirstbox=\box37
\mult@firstbox=\box38
\@tempa=\box39
\@tempa=\box40
\@tempa=\box41
\@tempa=\box42
\@tempa=\box43
\@tempa=\box44
\@tempa=\box45
\@tempa=\box46
\@tempa=\box47
\@tempa=\box48
\@tempa=\box49
\@tempa=\box50
\@tempa=\box51
\@tempa=\box52
\@tempa=\box53
\@tempa=\box54
\@tempa=\box55
\c@columnbadness=\count104
\c@finalcolumnbadness=\count105
\last@try=\dimen125
\multicolovershoot=\dimen126
\multicolundershoot=\dimen127
\mult@nat@firstbox=\box56
\colbreak@box=\box57
\mc@col@check@num=\count106
) (report.aux

LaTeX Warning: Label `tab:table1' multiply defined.


LaTeX Warning: Label `tab:table1' multiply defined.


LaTeX Warning: Label `tab:table1' multiply defined.

)
\openout1 = `report.aux'.

LaTeX Font Info:    Checking defaults for OML/cmm/m/it on input line 19.
LaTeX Font Info:    ... okay on input line 19.
LaTeX Font Info:    Checking defaults for T1/cmr/m/n on input line 19.
LaTeX Font Info:    ... okay on input line 19.
LaTeX Font Info:    Checking defaults for OT1/cmr/m/n on input line 19.
LaTeX Font Info:    ... okay on input line 19.
LaTeX Font Info:    Checking defaults for OMS/cmsy/m/n on input line 19.
LaTeX Font Info:    ... okay on input line 19.
LaTeX Font Info:    Checking defaults for OMX/cmex/m/n on input line 19.
LaTeX Font Info:    ... okay on input line 19.
LaTeX Font Info:    Checking defaults for U/cmr/m/n on input line 19.
LaTeX Font Info:    ... okay on input line 19.

("C:\Users\DELL\AppData\Local\Programs\MiKTeX 2.9\tex/context/base/mkii\supp-pd
f.mkii"
[Loading MPS to PDF converter (version 2006.09.02).]
\scratchcounter=\count107
\scratchdimen=\dimen128
\scratchbox=\box58
\nofMPsegments=\count108
\nofMParguments=\count109
\everyMPshowfont=\toks17
\MPscratchCnt=\count110
\MPscratchDim=\dimen129
\MPnumerator=\count111
\makeMPintoPDFobject=\count112
\everyMPtoPDFconversion=\toks18
)
("C:\Users\DELL\AppData\Local\Programs\MiKTeX 2.9\tex/latex/oberdiek\epstopdf-b
ase.sty"
Package: epstopdf-base 2016/05/15 v2.6 Base part for package epstopdf

("C:\Users\DELL\AppData\Local\Programs\MiKTeX 2.9\tex/generic/oberdiek\infwarer
r.sty"
Package: infwarerr 2016/05/16 v1.4 Providing info/warning/error messages (HO)
)
("C:\Users\DELL\AppData\Local\Programs\MiKTeX 2.9\tex/latex/oberdiek\grfext.sty
"
Package: grfext 2016/05/16 v1.2 Manage graphics extensions (HO)

("C:\Users\DELL\AppData\Local\Programs\MiKTeX 2.9\tex/generic/oberdiek\kvdefine
keys.sty"
Package: kvdefinekeys 2016/05/16 v1.4 Define keys (HO)

("C:\Users\DELL\AppData\Local\Programs\MiKTeX 2.9\tex/generic/oberdiek\ltxcmds.
sty"
Package: ltxcmds 2016/05/16 v1.23 LaTeX kernel commands for general use (HO)
)))
("C:\Users\DELL\AppData\Local\Programs\MiKTeX 2.9\tex/latex/oberdiek\kvoptions.
sty"
Package: kvoptions 2016/05/16 v3.12 Key value format for package options (HO)

("C:\Users\DELL\AppData\Local\Programs\MiKTeX 2.9\tex/generic/oberdiek\kvsetkey
s.sty"
Package: kvsetkeys 2016/05/16 v1.17 Key value parser (HO)

("C:\Users\DELL\AppData\Local\Programs\MiKTeX 2.9\tex/generic/oberdiek\etexcmds
.sty"
Package: etexcmds 2016/05/16 v1.6 Avoid name clashes with e-TeX commands (HO)

("C:\Users\DELL\AppData\Local\Programs\MiKTeX 2.9\tex/generic/oberdiek\ifluatex
.sty"
Package: ifluatex 2016/05/16 v1.4 Provides the ifluatex switch (HO)
Package ifluatex Info: LuaTeX not detected.
))))
("C:\Users\DELL\AppData\Local\Programs\MiKTeX 2.9\tex/generic/oberdiek\pdftexcm
ds.sty"
Package: pdftexcmds 2018/09/10 v0.29 Utility functions of pdfTeX for LuaTeX (HO
)

("C:\Users\DELL\AppData\Local\Programs\MiKTeX 2.9\tex/generic/oberdiek\ifpdf.st
y"
Package: ifpdf 2018/09/07 v3.3 Provides the ifpdf switch
)
Package pdftexcmds Info: LuaTeX not detected.
Package pdftexcmds Info: \pdf@primitive is available.
Package pdftexcmds Info: \pdf@ifprimitive is available.
Package pdftexcmds Info: \pdfdraftmode found.
)
Package epstopdf-base Info: Redefining graphics rule for `.eps' on input line 4
38.
Package grfext Info: Graphics extension search list:
(grfext)             [.pdf,.png,.jpg,.mps,.jpeg,.jbig2,.jb2,.PDF,.PNG,.JPG,.JPE
G,.JBIG2,.JB2,.eps]
(grfext)             \AppendGraphicsExtensions on input line 456.
)
LaTeX Font Info:    External font `cmex10' loaded for size
(Font)              <17.28> on input line 21.
LaTeX Font Info:    External font `cmex10' loaded for size
(Font)              <12> on input line 21.
LaTeX Font Info:    External font `cmex10' loaded for size
(Font)              <8> on input line 21.
LaTeX Font Info:    External font `cmex10' loaded for size
(Font)              <6> on input line 21.
 [1

{C:/Users/DELL/AppData/Local/MiKTeX/2.9/pdftex/config/pdftex.map}]
LaTeX Font Info:    External font `cmex10' loaded for size
(Font)              <7> on input line 23.
LaTeX Font Info:    External font `cmex10' loaded for size
(Font)              <5> on input line 23.

[2]
LaTeX Font Info:    Try loading font information for OMS+cmr on input line 32.
 ("C:\Users\DELL\AppData\Local\Programs\MiKTeX 2.9\tex/latex/base\omscmr.fd"
File: omscmr.fd 2014/09/29 v2.5h Standard LaTeX font definitions
)
LaTeX Font Info:    Font shape `OMS/cmr/bx/n' in size <10> not available
(Font)              Font shape `OMS/cmsy/b/n' tried instead on input line 32.

Underfull \hbox (badness 10000) in paragraph at lines 31--38

 []

LaTeX Font Info:    Font shape `OMS/cmr/m/n' in size <10> not available
(Font)              Font shape `OMS/cmsy/m/n' tried instead on input line 41.

Underfull \hbox (badness 10000) in paragraph at lines 40--43

 []

[3]
Underfull \hbox (badness 10000) in paragraph at lines 47--54

 []


Underfull \hbox (badness 10000) in paragraph at lines 47--54

 []


Underfull \hbox (badness 10000) in paragraph at lines 47--54

 []


Underfull \hbox (badness 10000) in paragraph at lines 56--62

 []


Underfull \hbox (badness 10000) in paragraph at lines 65--70

 []

[4]
<boat.png, id=21, 488.82625pt x 358.33875pt>
File: boat.png Graphic file (type png)
<use boat.png>
Package pdftex.def Info: boat.png  used on input line 78.
(pdftex.def)             Requested size: 142.26318pt x 113.80682pt.
File: boat.png Graphic file (type png)
<use boat.png>
Package pdftex.def Info: boat.png  used on input line 82.
(pdftex.def)             Requested size: 142.26318pt x 113.80682pt.
File: boat.png Graphic file (type png)
<use boat.png>
Package pdftex.def Info: boat.png  used on input line 83.
(pdftex.def)             Requested size: 142.26318pt x 113.80682pt.

Underfull \hbox (badness 10000) in paragraph at lines 85--86

 []

File: boat.png Graphic file (type png)
<use boat.png>
Package pdftex.def Info: boat.png  used on input line 93.
(pdftex.def)             Requested size: 167.5pt x 122.79042pt.
[5 <./boat.png>]
File: boat.png Graphic file (type png)
<use boat.png>
Package pdftex.def Info: boat.png  used on input line 100.
(pdftex.def)             Requested size: 167.5pt x 122.79042pt.
 [6] [7]

LaTeX Warning: `!h' float specifier changed to `!ht'.

[8] [9] [10] (report.aux)

LaTeX Warning: There were multiply-defined labels.

 ) 
Here is how much of TeX's memory you used:
 1975 strings out of 492946
 28574 string characters out of 3126710
 104810 words of memory out of 3000000
 5855 multiletter control sequences out of 15000+200000
 9586 words of font info for 34 fonts, out of 3000000 for 9000
 1141 hyphenation exceptions out of 8191
 41i,11n,43p,780b,306s stack positions out of 5000i,500n,10000p,200000b,50000s
<C:/Users/DELL/AppData/Local/Programs/MiKTeX 2.9/fonts/type1/public/amsfonts/
cm/cmbsy10.pfb><C:/Users/DELL/AppData/Local/Programs/MiKTeX 2.9/fonts/type1/pub
lic/amsfonts/cm/cmbx10.pfb><C:/Users/DELL/AppData/Local/Programs/MiKTeX 2.9/fon
ts/type1/public/amsfonts/cm/cmbx12.pfb><C:/Users/DELL/AppData/Local/Programs/Mi
KTeX 2.9/fonts/type1/public/amsfonts/cm/cmmi10.pfb><C:/Users/DELL/AppData/Local
/Programs/MiKTeX 2.9/fonts/type1/public/amsfonts/cm/cmr10.pfb><C:/Users/DELL/Ap
pData/Local/Programs/MiKTeX 2.9/fonts/type1/public/amsfonts/cm/cmr7.pfb><C:/Use
rs/DELL/AppData/Local/Programs/MiKTeX 2.9/fonts/type1/public/amsfonts/cm/cmsy10
.pfb><C:/Users/DELL/AppData/Local/Programs/MiKTeX 2.9/fonts/type1/public/amsfon
ts/cm/cmti10.pfb><C:/Users/DELL/AppData/Local/Programs/MiKTeX 2.9/fonts/type1/p
ublic/amsfonts/cm/cmtt10.pfb>
Output written on report.pdf (10 pages, 360769 bytes).
PDF statistics:
 74 PDF objects out of 1000 (max. 8388607)
 0 named destinations out of 1000 (max. 500000)
 6 words of extra memory for PDF output out of 10000 (max. 10000000)

